<?xml version="1.0" encoding="UTF-8"?>
<testsuite xmlns:xsi="http://www.w3.org/2001/XMLSchema-instance" xsi:noNamespaceSchemaLocation="https://maven.apache.org/surefire/maven-surefire-plugin/xsd/surefire-test-report-3.0.xsd" version="3.0" name="com.eventlog.sdk.client.AsyncEventLoggerTest" time="10.829" tests="3" errors="0" skipped="0" failures="0">
  <properties>
[...]
</properties>
  <testcase name="spillsToDiskWhenQueueFull(Path)" classname="com.eventlog.sdk.client.AsyncEventLoggerTest" time="10.588">
    <system-err><![CDATA[WARNING: A Java agent has been loaded dynamically (/tmp/m2-eventlog-java-sdk/net/bytebuddy/byte-buddy-agent/1.14.10/byte-buddy-agent-1.14.10.jar)
WARNING: If a serviceability tool is in use, please run with -XX:+EnableDynamicAgentLoading to hide this warning
WARNING: If a serviceability tool is not in use, please run with -Djdk.instrument.traceUsage for more information
WARNING: Dynamic loading of agents will be disallowed by default in a future release
[main] INFO com.eventlog.sdk.client.AsyncEventLogger - AsyncEventLogger started - queue capacity: 1, spillover: /var/folders/3v/w_gn_j013c5_gw65tf49fd_r0000gn/T/junit7511307002284168984
[main] INFO com.eventlog.sdk.client.AsyncEventLogger - AsyncEventLogger shutting down - 1 events in queue
[main] WARN com.eventlog.sdk.client.AsyncEventLogger - Shutdown timeout - 1 events may be lost
[main] INFO com.eventlog.sdk.client.AsyncEventLogger - AsyncEventLogger shutdown complete - sent: 0, failed: 0, spilled: 2
]]></system-err>
  </testcase>
  <testcase name="opensCircuitAfterFailures" classname="com.eventlog.sdk.client.AsyncEventLoggerTest" time="0.232">
    <system-err><![CDATA[[main] INFO com.eventlog.sdk.client.AsyncEventLogger - AsyncEventLogger started - queue capacity: 10000, spillover: disabled
[pool-3-thread-1] WARN com.eventlog.sdk.client.AsyncEventLogger - Failed to send event (attempt 1): correlationId=corr, status=500, error=boom
[pool-3-thread-1] WARN com.eventlog.sdk.client.AsyncEventLogger - Circuit breaker OPENED - API considered unavailable after 1 consecutive failures
[pool-3-thread-1] ERROR com.eventlog.sdk.client.AsyncEventLogger - Event permanently failed after 0 attempts: correlationId=corr
[main] INFO com.eventlog.sdk.client.AsyncEventLogger - AsyncEventLogger shutting down - 0 events in queue
[main] INFO com.eventlog.sdk.client.AsyncEventLogger - AsyncEventLogger shutdown complete - sent: 0, failed: 1, spilled: 0
]]></system-err>
  </testcase>
  <testcase name="logQueuesAndSends" classname="com.eventlog.sdk.client.AsyncEventLoggerTest" time="0.003">
    <system-err><![CDATA[[main] INFO com.eventlog.sdk.client.AsyncEventLogger - AsyncEventLogger started - queue capacity: 10000, spillover: disabled
[main] INFO com.eventlog.sdk.client.AsyncEventLogger - AsyncEventLogger shutting down - 0 events in queue
[main] INFO com.eventlog.sdk.client.AsyncEventLogger - AsyncEventLogger shutdown complete - sent: 1, failed: 0, spilled: 0
]]></system-err>
  </testcase>
</testsuite>